<?xml version="1.0" encoding="UTF-8"?>
<testng-results skipped="0" failed="0" total="2" passed="2">
  <reporter-output>
  </reporter-output>
  <suite name="test" duration-ms="0" started-at="2015-07-03T01:09:08Z" finished-at="2015-07-03T01:09:08Z">
    <groups>
    </groups>
  </suite> <!-- test -->
  <suite name="test_addcart_order" duration-ms="24" started-at="2015-07-03T01:09:08Z" finished-at="2015-07-03T01:09:08Z">
    <groups>
    </groups>
    <test name="test" duration-ms="24" started-at="2015-07-03T01:09:08Z" finished-at="2015-07-03T01:09:08Z">
      <class name="com.test.TestngTest">
        <test-method status="PASS" signature="sayBefore()[pri:0, instance:com.test.TestngTest@35851384]" name="sayBefore" is-config="true" duration-ms="4" started-at="2015-07-03T09:09:08Z" finished-at="2015-07-03T09:09:08Z">
          <reporter-output>
          </reporter-output>
        </test-method> <!-- sayBefore -->
        <test-method status="PASS" signature="sayHello(java.lang.String)[pri:0, instance:com.test.TestngTest@35851384]" name="sayHello" duration-ms="1" started-at="2015-07-03T09:09:08Z" description="测试通过" finished-at="2015-07-03T09:09:08Z">
          <params>
            <param index="0">
              <value>
                <![CDATA[Hello world]]>
              </value>
            </param>
          </params>
          <reporter-output>
          </reporter-output>
        </test-method> <!-- sayHello -->
        <test-method status="PASS" signature="sayAfter()[pri:0, instance:com.test.TestngTest@35851384]" name="sayAfter" is-config="true" duration-ms="1" started-at="2015-07-03T09:09:08Z" finished-at="2015-07-03T09:09:08Z">
          <reporter-output>
          </reporter-output>
        </test-method> <!-- sayAfter -->
      </class> <!-- com.test.TestngTest -->
    </test> <!-- test -->
  </suite> <!-- test_addcart_order -->
  <suite name="test_addcart" duration-ms="4" started-at="2015-07-03T01:09:08Z" finished-at="2015-07-03T01:09:08Z">
    <groups>
    </groups>
    <test name="test1" duration-ms="4" started-at="2015-07-03T01:09:08Z" finished-at="2015-07-03T01:09:08Z">
      <class name="com.test.TestngTest1">
        <test-method status="PASS" signature="sayHi(java.lang.String)[pri:0, instance:com.test.TestngTest1@1134affc]" name="sayHi" duration-ms="2" started-at="2015-07-03T09:09:08Z" description="测试通过" finished-at="2015-07-03T09:09:08Z">
          <params>
            <param index="0">
              <value>
                <![CDATA[Hi lulu]]>
              </value>
            </param>
          </params>
          <reporter-output>
          </reporter-output>
        </test-method> <!-- sayHi -->
        <test-method status="PASS" signature="sayBefore()[pri:0, instance:com.test.TestngTest1@1134affc]" name="sayBefore" is-config="true" duration-ms="0" started-at="2015-07-03T09:09:08Z" finished-at="2015-07-03T09:09:08Z">
          <reporter-output>
          </reporter-output>
        </test-method> <!-- sayBefore -->
        <test-method status="PASS" signature="sayAfter()[pri:0, instance:com.test.TestngTest1@1134affc]" name="sayAfter" is-config="true" duration-ms="0" started-at="2015-07-03T09:09:08Z" finished-at="2015-07-03T09:09:08Z">
          <reporter-output>
          </reporter-output>
        </test-method> <!-- sayAfter -->
      </class> <!-- com.test.TestngTest1 -->
    </test> <!-- test1 -->
  </suite> <!-- test_addcart -->
</testng-results>
